Build started 22/06/2015 22:09:22.
     1>Project "C:\Users\Peter\Documents\GitHub\PeteBot\petebot\petebot\petebot.vcxproj" on node 2 (Build target(s)).
     1>ClCompile:
         C:\Program Files (x86)\Microsoft Visual Studio 12.0\VC\bin\CL.exe /c /I"C:\Program Files (x86)\BWAPI/include" /IC:\q/c/c /ZI /nologo /W3 /WX- /sdl /Od /Oy- /D WIN32 /D _DEBUG /D _CONSOLE /D _LIB /D _UNICODE /D UNICODE /Gm /EHsc /RTC1 /MDd /GS /fp:precise /Zc:wchar_t /Zc:forScope /Yu"stdafx.h" /Fp"Debug\petebot.pch" /Fo"Debug\\" /Fd"Debug\vc120.pdb" /Gd /TP /analyze- /errorReport:prompt petebot.cpp
         petebot.cpp
     1>c:\users\peter\documents\github\petebot\petebot\petebot\petebot.cpp(3): warning C4627: '#include "BWAPI.h"': skipped when looking for precompiled header use
                 Add directive to 'stdafx.h' or rebuild precompiled header
       ResourceCompile:
         C:\Program Files (x86)\Windows Kits\8.1\bin\x86\rc.exe /D _UNICODE /D UNICODE /l"0x0409" /nologo /fo"Debug\petebot.res" petebot.rc 
       Link:
         C:\Program Files (x86)\Microsoft Visual Studio 12.0\VC\bin\link.exe /ERRORREPORT:PROMPT /OUT:"C:\Users\Peter\Documents\GitHub\PeteBot\petebot\Debug\petebot.exe" /INCREMENTAL /NOLOGO kernel32.lib user32.lib gdi32.lib winspool.lib comdlg32.lib advapi32.lib shell32.lib ole32.lib oleaut32.lib uuid.lib odbc32.lib odbccp32.lib /MANIFEST /MANIFESTUAC:"level='asInvoker' uiAccess='false'" /manifest:embed /DEBUG /PDB:"C:\Users\Peter\Documents\GitHub\PeteBot\petebot\Debug\petebot.pdb" /SUBSYSTEM:CONSOLE /TLBID:1 /DYNAMICBASE /NXCOMPAT /IMPLIB:"C:\Users\Peter\Documents\GitHub\PeteBot\petebot\Debug\petebot.lib" /MACHINE:X86 Debug\petebot.res
         Debug\petebot.obj
         Debug\stdafx.obj
     1>petebot.obj : error LNK2019: unresolved external symbol _khpun referenced in function "void __cdecl connect2kdb(void)" (?connect2kdb@@YAXXZ)
     1>petebot.obj : error LNK2019: unresolved external symbol _khpu referenced in function _wmain
     1>petebot.obj : error LNK2019: unresolved external symbol _k referenced in function _wmain
     1>C:\Users\Peter\Documents\GitHub\PeteBot\petebot\Debug\petebot.exe : fatal error LNK1120: 3 unresolved externals
     1>Done Building Project "C:\Users\Peter\Documents\GitHub\PeteBot\petebot\petebot\petebot.vcxproj" (Build target(s)) -- FAILED.

Build FAILED.

Time Elapsed 00:00:01.18
